 --> src/main.rs:6:24
  |
6 | use backend::{Backend, MatMul, Softmax};
  |                        ^^^^^^
  |
  = note: `#[warn(unused_imports)]` on by default

error[E0599]: no method named `softmax_rows` found for mutable reference `&mut cpu::CpuBackend` in the current scope
  --> src/backend.rs:32:36
   |
32 |             Backend::Cpu(bk) => bk.softmax_rows(rows, cols, x),
   |                                    ^^^^^^^^^^^^ method not found in `&mut cpu::CpuBackend`
   |
   = help: items from traits can only be used if the trait is implemented and in scope
note: `Softmax` defines an item `softmax_rows`, perhaps you need to implement it
  --> src/backend.rs:8:1
   |
 8 | pub trait Softmax {
   | ^^^^^^^^^^^^^^^^^

error[E0716]: temporary value dropped while borrowed
   --> src/vk.rs:234:36
    |
234 |             .push_constant_ranges(&[pc_range]);
    |                                    ^^^^^^^^^^ - temporary value is freed at the end of this statement
    |                                    |
    |                                    creates a temporary value which is freed while still in use
235 |         let pipeline_layout = unsafe { self.device.create_pipeline_layout(&pl_info, None)? };
    |                                                                           -------- borrow later used here
    |
help: consider using a `let` binding to create a longer lived value
    |
233 ~         let binding = [pc_range];
234 ~         let pl_info = vk::PipelineLayoutCreateInfo::builder()
235 ~             .push_constant_ranges(&binding);
    |

error[E0716]: temporary value dropped while borrowed
   --> src/vk.rs:269:27
    |
269 |             .set_layouts(&[desc_set_layout]);
    |                           ^^^^^^^^^^^^^^^^^ - temporary value is freed at the end of this statement
    |                           |
    |                           creates a temporary value which is freed while still in use
270 |         let desc_set = unsafe { self.device.allocate_descriptor_sets(&alloc_info)? }[0];
    |                                                                      ----------- borrow later used here
    |
help: consider using a `let` binding to create a longer lived value
    |
267 ~         let binding = [desc_set_layout];
268 ~         let alloc_info = vk::DescriptorSetAllocateInfo::builder()
269 |             .descriptor_pool(desc_pool)
270 ~             .set_layouts(&binding);
    |

error[E0716]: temporary value dropped while borrowed
   --> src/vk.rs:302:70
    |
302 |         let submit_info = vk::SubmitInfo::builder().command_buffers(&[cmd]);
    |                                                                      ^^^^^ - temporary value is freed at the end of this statement
    |                                                                      |
    |                                                                      creates a temporary value which is freed while still in use
303 |         unsafe {
304 |             self.device.queue_submit(self.queue, &[*submit_info], vk::Fence::null())?;
    |                                                     ----------- borrow later used here
    |
help: consider using a `let` binding to create a longer lived value
    |
302 ~         let binding = [cmd];
303 ~         let submit_info = vk::SubmitInfo::builder().command_buffers(&binding);
    |

warning: unused variable: `as_bytes`
   --> src/vk.rs:389:17
    |
389 |             let as_bytes = |ptr: *const u8, len_bytes: usize| unsafe {
    |                 ^^^^^^^^ help: if this is intentional, prefix it with an underscore: `_as_bytes`
    |
    = note: `#[warn(unused_variables)]` on by default

warning: variable does not need to be mutable
  --> src/main.rs:13:9
   |
13 |     let mut data = vec![
   |         ----^^^^
   |         |
   |         help: remove this `mut`
   |
   = note: `#[warn(unused_mut)]` on by default

Some errors have detailed explanations: E0599, E0716.
For more information about an error, try `rustc --explain E0599`.
warning: `pi5-llama` (bin "pi5-llama") generated 3 warnings
error: could not compile `pi5-llama` (bin "pi5-llama") due to 4 previous errors; 3 warnings emitted
